<?xml version="1.0" encoding="UTF-8" ?>
<testsuite tests="3" failures="1" name="example.NewTest" time="0.726" errors="0" skipped="2">
  <properties>
[...]
</properties>
  <testcase classname="example.NewTest" name="beforeTest" time="0.724">
    <failure message="The path to the driver executable must be set by the webdriver.chrome.driver system property; for more information, see http://code.google.com/p/selenium/wiki/ChromeDriver. The latest version can be downloaded from http://chromedriver.storage.googleapis.com/index.html" type="java.lang.IllegalStateException">java.lang.IllegalStateException: The path to the driver executable must be set by the webdriver.chrome.driver system property; for more information, see http://code.google.com/p/selenium/wiki/ChromeDriver. The latest version can be downloaded from http://chromedriver.storage.googleapis.com/index.html
	at com.google.common.base.Preconditions.checkState(Preconditions.java:197)
	at org.openqa.selenium.remote.service.DriverService.findExecutable(DriverService.java:110)
	at org.openqa.selenium.chrome.ChromeDriverService.access$000(ChromeDriverService.java:32)
	at org.openqa.selenium.chrome.ChromeDriverService$Builder.findDefaultExecutable(ChromeDriverService.java:118)
	at org.openqa.selenium.remote.service.DriverService$Builder.build(DriverService.java:291)
	at org.openqa.selenium.chrome.ChromeDriverService.createDefaultService(ChromeDriverService.java:82)
	at org.openqa.selenium.chrome.ChromeDriver.&lt;init&gt;(ChromeDriver.java:117)
	at example.NewTest.beforeTest(NewTest.java:19)
</failure>
    <system-out>Configuring TestNG with: org.apache.maven.surefire.testng.conf.TestNGMapConfigurator@57855c9a
</system-out>
  </testcase>
  <testcase classname="example.NewTest" name="f" time="0">
    <skipped/>
  </testcase>
  <testcase classname="example.NewTest" name="afterTest" time="0.002">
    <skipped/>
  </testcase>
</testsuite>